2026-03-24 13:55:00,928 INFO  com.zimal.OrderPlace - Ali place your order
2026-03-24 13:55:00,932 DEBUG com.zimal.OrderPlace - Ali Check product availability456
2026-03-24 13:55:00,932 INFO  com.zimal.OrderPlace - Add to Card
2026-03-24 13:55:00,932 INFO  com.zimal.OrderPlace - Processing payment
2026-03-24 13:55:00,932 INFO  com.zimal.OrderPlace - Your order is place
2026-03-24 14:02:54,461 INFO  com.zimal.OrderPlace - Ali place your order
2026-03-24 14:02:54,464 DEBUG com.zimal.OrderPlace - Ali Check product availability456
2026-03-24 14:02:54,465 INFO  com.zimal.OrderPlace - Add to Card
2026-03-24 14:02:54,465 INFO  com.zimal.OrderPlace - Processing payment
2026-03-24 14:02:54,465 INFO  com.zimal.OrderPlace - Your order is place
2026-03-24 14:04:28,603 INFO  com.zimal.OrderPlace - Ali place your order
2026-03-24 14:04:28,606 DEBUG com.zimal.OrderPlace - Ali Check product availability455
2026-03-24 14:04:28,606 INFO  com.zimal.OrderPlace - Add to Card
2026-03-24 14:04:28,606 INFO  com.zimal.OrderPlace - Processing payment
2026-03-24 14:04:28,606 INFO  com.zimal.OrderPlace - Your order is place
2026-03-24 14:04:53,765 INFO  com.zimal.OrderPlace - Ali place your order
2026-03-24 14:04:53,769 DEBUG com.zimal.OrderPlace - Ali Check your product availability455
2026-03-24 14:04:53,769 INFO  com.zimal.OrderPlace - Add to Card
2026-03-24 14:04:53,769 INFO  com.zimal.OrderPlace - Processing payment
2026-03-24 14:04:53,769 INFO  com.zimal.OrderPlace - Your order is place
2026-03-24 14:31:22,241 INFO  com.zimal.OrderPlace - Ali place your order
2026-03-24 14:31:22,244 DEBUG com.zimal.OrderPlace - Ali Check your product availability455
2026-03-24 14:31:22,245 INFO  com.zimal.OrderPlace - Add to Card
2026-03-24 14:31:22,245 INFO  com.zimal.OrderPlace - Processing payment
2026-03-24 14:31:22,245 INFO  com.zimal.OrderPlace - Your order is place
2026-03-24 14:31:22,245 INFO  com.zimal.OrderPlace - Ahmad place your order
2026-03-24 14:31:22,246 DEBUG com.zimal.OrderPlace - Ahmad Check your product availability456
2026-03-24 14:31:22,246 INFO  com.zimal.OrderPlace - Add to Card
2026-03-24 14:31:22,246 INFO  com.zimal.OrderPlace - Processing payment
2026-03-24 14:31:22,246 INFO  com.zimal.OrderPlace - Your order is place
2026-03-26 11:19:36,844 INFO  com.zimal.OrderPlace - Ali place your order
2026-03-26 11:19:36,848 DEBUG com.zimal.OrderPlace - Ali Check your product availability455
2026-03-26 11:19:36,848 INFO  com.zimal.OrderPlace - Add to Card
2026-03-26 11:19:36,848 INFO  com.zimal.OrderPlace - Processing payment
2026-03-26 11:19:36,848 INFO  com.zimal.OrderPlace - Your order is place
2026-03-26 11:19:36,849 INFO  com.zimal.OrderPlace - Ahmad place your order
2026-03-26 11:19:36,849 DEBUG com.zimal.OrderPlace - Ahmad Check your product availability456
2026-03-26 11:19:36,849 INFO  com.zimal.OrderPlace - Add to Card
2026-03-26 11:19:36,849 INFO  com.zimal.OrderPlace - Processing payment
2026-03-26 11:19:36,849 INFO  com.zimal.OrderPlace - Your order is place
2026-03-26 11:27:22,965 INFO  com.zimal.OrderPlace - Ali place your order
2026-03-26 11:27:22,968 DEBUG com.zimal.OrderPlace - Ali Check your product availability455
2026-03-26 11:27:22,969 INFO  com.zimal.OrderPlace - Add to Card
2026-03-26 11:27:22,969 INFO  com.zimal.OrderPlace - Processing payment
2026-03-26 11:27:22,969 INFO  com.zimal.OrderPlace - Your order is place
2026-03-26 11:27:22,969 INFO  com.zimal.OrderPlace - Ahmad place your order
2026-03-26 11:27:22,969 DEBUG com.zimal.OrderPlace - Ahmad Check your product availability456
2026-03-26 11:27:22,969 INFO  com.zimal.OrderPlace - Add to Card
2026-03-26 11:27:22,969 INFO  com.zimal.OrderPlace - Processing payment
2026-03-26 11:27:22,969 INFO  com.zimal.OrderPlace - Your order is place
2026-03-26 11:28:55,201 INFO  com.zimal.OrderPlace - Ali place your order
2026-03-26 11:28:55,205 DEBUG com.zimal.OrderPlace - Ali Check your product availability455
2026-03-26 11:28:55,205 INFO  com.zimal.OrderPlace - Add to Card
2026-03-26 11:28:55,205 INFO  com.zimal.OrderPlace - Processing payment
2026-03-26 11:28:55,205 INFO  com.zimal.OrderPlace - Your order is place
2026-03-26 11:28:55,205 INFO  com.zimal.OrderPlace - Ahmad place your order
2026-03-26 11:28:55,205 DEBUG com.zimal.OrderPlace - Ahmad Check your product availability456
2026-03-26 11:28:55,206 INFO  com.zimal.OrderPlace - Add to Card
2026-03-26 11:28:55,206 INFO  com.zimal.OrderPlace - Processing payment
2026-03-26 11:28:55,206 INFO  com.zimal.OrderPlace - Your order is place
2026-03-26 11:34:10,318 INFO  com.zimal.OrderPlace - Ali place your order
2026-03-26 11:34:10,322 DEBUG com.zimal.OrderPlace - Ali Check your product availability455
2026-03-26 11:34:10,322 INFO  com.zimal.OrderPlace - Add to Card
2026-03-26 11:34:10,322 INFO  com.zimal.OrderPlace - Processing payment
2026-03-26 11:34:10,322 INFO  com.zimal.OrderPlace - Your order is place
2026-03-26 11:34:10,322 INFO  com.zimal.OrderPlace - Ahmad place your order
2026-03-26 11:34:10,322 DEBUG com.zimal.OrderPlace - Ahmad Check your product availability456
2026-03-26 11:34:10,322 INFO  com.zimal.OrderPlace - Add to Card
2026-03-26 11:34:10,323 INFO  com.zimal.OrderPlace - Processing payment
2026-03-26 11:34:10,323 INFO  com.zimal.OrderPlace - Your order is place
2026-03-26 11:34:41,238 INFO  com.zimal.OrderPlace - Ali place your order
2026-03-26 11:34:41,241 DEBUG com.zimal.OrderPlace - Ali Check your product availability455
2026-03-26 11:34:41,242 INFO  com.zimal.OrderPlace - Add to Card
2026-03-26 11:34:41,242 INFO  com.zimal.OrderPlace - Processing payment
2026-03-26 11:34:41,242 INFO  com.zimal.OrderPlace - Your order is place
2026-03-26 11:34:41,242 INFO  com.zimal.OrderPlace - Ahmad place your order
2026-03-26 11:34:41,242 DEBUG com.zimal.OrderPlace - Ahmad Check your product availability456
2026-03-26 11:34:41,242 INFO  com.zimal.OrderPlace - Add to Card
2026-03-26 11:34:41,242 INFO  com.zimal.OrderPlace - Processing payment
2026-03-26 11:34:41,242 INFO  com.zimal.OrderPlace - Your order is place
2026-03-26 11:37:36,213 INFO  com.zimal.OrderPlace - Ali place your order
2026-03-26 11:37:36,217 DEBUG com.zimal.OrderPlace - Ali Check your product availability455
2026-03-26 11:37:36,218 INFO  com.zimal.OrderPlace - Add to Card
2026-03-26 11:37:36,218 INFO  com.zimal.OrderPlace - Processing payment
2026-03-26 11:37:36,218 INFO  com.zimal.OrderPlace - Your order is place
2026-03-26 11:37:36,218 INFO  com.zimal.OrderPlace - Ahmad place your order
2026-03-26 11:37:36,218 DEBUG com.zimal.OrderPlace - Ahmad Check your product availability456
2026-03-26 11:37:36,218 INFO  com.zimal.OrderPlace - Add to Card
2026-03-26 11:37:36,218 INFO  com.zimal.OrderPlace - Processing payment
2026-03-26 11:37:36,218 INFO  com.zimal.OrderPlace - Your order is place
2026-03-26 12:42:11,554 INFO  com.zimal.OrderPlace - Ali place your order
2026-03-26 12:42:11,557 DEBUG com.zimal.OrderPlace - Ali Check your product availability455
2026-03-26 12:42:11,558 INFO  com.zimal.OrderPlace - Add to Card
2026-03-26 12:42:11,558 INFO  com.zimal.OrderPlace - Processing payment
2026-03-26 12:42:11,558 INFO  com.zimal.OrderPlace - Your order is place
2026-03-26 12:42:11,558 INFO  com.zimal.OrderPlace - Ahmad place your order
2026-03-26 12:42:11,558 DEBUG com.zimal.OrderPlace - Ahmad Check your product availability456
2026-03-26 12:42:11,558 INFO  com.zimal.OrderPlace - Add to Card
2026-03-26 12:42:11,558 INFO  com.zimal.OrderPlace - Processing payment
2026-03-26 12:42:11,558 INFO  com.zimal.OrderPlace - Your order is place
2026-03-26 12:43:18,947 INFO  com.zimal.OrderPlace - Ali place your order
2026-03-26 12:43:18,951 DEBUG com.zimal.OrderPlace - Ali Check your product availability455
2026-03-26 12:43:18,951 INFO  com.zimal.OrderPlace - Add to Card
2026-03-26 12:43:18,951 INFO  com.zimal.OrderPlace - Processing payment
2026-03-26 12:43:18,951 INFO  com.zimal.OrderPlace - Your order is place
2026-03-26 12:43:18,952 INFO  com.zimal.OrderPlace - Ahmad place your order
2026-03-26 12:43:18,952 DEBUG com.zimal.OrderPlace - Ahmad Check your product availability456
2026-03-26 12:43:18,952 INFO  com.zimal.OrderPlace - Add to Card
2026-03-26 12:43:18,952 INFO  com.zimal.OrderPlace - Processing payment
2026-03-26 12:43:18,952 INFO  com.zimal.OrderPlace - Your order is place
2026-03-26 12:44:56,807 INFO  com.zimal.OrderPlace - Ali place your order
2026-03-26 12:44:56,811 DEBUG com.zimal.OrderPlace - Ali Check your product availability455
2026-03-26 12:44:56,812 INFO  com.zimal.OrderPlace - Add to Card
2026-03-26 12:44:56,812 INFO  com.zimal.OrderPlace - Processing payment
2026-03-26 12:44:56,812 INFO  com.zimal.OrderPlace - Your order is place
2026-03-26 12:44:56,812 INFO  com.zimal.OrderPlace - Ahmad place your order
2026-03-26 12:44:56,812 DEBUG com.zimal.OrderPlace - Ahmad Check your product availability456
2026-03-26 12:44:56,812 INFO  com.zimal.OrderPlace - Add to Card
2026-03-26 12:44:56,812 INFO  com.zimal.OrderPlace - Processing payment
2026-03-26 12:44:56,812 INFO  com.zimal.OrderPlace - Your order is place
